info it worked if it ends with ok
verbose cli [ 'node', '/usr/local/bin/npm', 'install', 'package.json' ]
info using npm@1.1.2
info using node@v0.6.6
verbose config file /Users/yoshidatakahiro/.npmrc
verbose config file /usr/local/etc/npmrc
verbose config file /usr/local/lib/node_modules/npm/npmrc
verbose cache add [ 'package.json', null ]
silly cache add: name, spec, args [ undefined, 'package.json', [ 'package.json', null ] ]
verbose parsed url { pathname: 'package.json',
verbose parsed url   path: 'package.json',
verbose parsed url   href: 'package.json' }
verbose addNamed [ 'package.json', '' ]
verbose addNamed [ null, '' ]
silly name, range, hasData [ 'package.json', '', false ]
verbose raw, before any munging package.json
verbose url resolving [ 'https://registry.npmjs.org/', './package.json' ]
verbose url resolved https://registry.npmjs.org/package.json
http GET https://registry.npmjs.org/package.json
http 404 https://registry.npmjs.org/package.json
silly get cb [ 404,
silly get cb   { server: 'CouchDB/1.1.0 (Erlang OTP/R14B04)',
silly get cb     date: 'Thu, 01 Mar 2012 03:05:24 GMT',
silly get cb     'content-type': 'application/json',
silly get cb     'content-length': '52',
silly get cb     'cache-control': 'must-revalidate' } ]
ERR! 404 'package.json' is not in the npm registry.
ERR! 404 You should bug the author to publish it
ERR! 404 Note that you can also install from a
ERR! 404 tarball, folder, or http url, or git url.
ERR! 
ERR! System Darwin 11.2.0
ERR! command "node" "/usr/local/bin/npm" "install" "package.json"
ERR! cwd /Users/yoshidatakahiro/github/Smooth-CoffeeScript/chapters
ERR! node -v v0.6.6
ERR! npm -v 1.1.2
ERR! code E404
ERR! message 404 Not Found: package.json
ERR! errno {}
verbose exit [ 1, true ]
